# JRE version: OpenJDK Runtime Environment (14.0.2+12) (build 14.0.2+12-46)
# Java VM: OpenJDK 64-Bit Server VM (14.0.2+12-46, mixed mode, tiered, compressed oops, g1 gc, windows-amd64)
Heap:
 garbage-first heap   total 20480K, used 9777K [0x0000000701000000, 0x0000000800000000)
  region size 1024K, 5 young (5120K), 1 survivors (1024K)
 Metaspace       used 26234K, capacity 26697K, committed 26928K, reserved 1073152K
  class space    used 2699K, capacity 2871K, committed 2944K, reserved 1048576K
GC Heap History (10 events):
Event: 20.168 GC heap before
{Heap before GC invocations=0 (full 0):
 garbage-first heap   total 262144K, used 21504K [0x0000000701000000, 0x0000000800000000)
  region size 1024K, 21 young (21504K), 0 survivors (0K)
 Metaspace       used 20479K, capacity 20885K, committed 20992K, reserved 1069056K
  class space    used 2120K, capacity 2298K, committed 2304K, reserved 1048576K
}
Event: 20.172 GC heap after
{Heap after GC invocations=1 (full 0):
 garbage-first heap   total 262144K, used 3381K [0x0000000701000000, 0x0000000800000000)
  region size 1024K, 3 young (3072K), 3 survivors (3072K)
 Metaspace       used 20479K, capacity 20885K, committed 20992K, reserved 1069056K
  class space    used 2120K, capacity 2298K, committed 2304K, reserved 1048576K
}
Event: 20.182 GC heap before
{Heap before GC invocations=1 (full 0):
 garbage-first heap   total 262144K, used 4405K [0x0000000701000000, 0x0000000800000000)
  region size 1024K, 5 young (5120K), 3 survivors (3072K)
 Metaspace       used 20744K, capacity 21109K, committed 21296K, reserved 1069056K
  class space    used 2150K, capacity 2330K, committed 2432K, reserved 1048576K
}
Event: 20.185 GC heap after
{Heap after GC invocations=2 (full 0):
 garbage-first heap   total 262144K, used 3827K [0x0000000701000000, 0x0000000800000000)
  region size 1024K, 1 young (1024K), 1 survivors (1024K)
 Metaspace       used 20744K, capacity 21109K, committed 21296K, reserved 1069056K
  class space    used 2150K, capacity 2330K, committed 2432K, reserved 1048576K
}
Event: 30.376 GC heap before
{Heap before GC invocations=3 (full 0):
 garbage-first heap   total 20480K, used 14067K [0x0000000701000000, 0x0000000800000000)
  region size 1024K, 12 young (12288K), 1 survivors (1024K)
 Metaspace       used 23741K, capacity 24148K, committed 24368K, reserved 1071104K
  class space    used 2462K, capacity 2597K, committed 2688K, reserved 1048576K
}
Event: 30.377 GC heap after
{Heap after GC invocations=4 (full 0):
 garbage-first heap   total 20480K, used 5590K [0x0000000701000000, 0x0000000800000000)
  region size 1024K, 2 young (2048K), 2 survivors (2048K)
 Metaspace       used 23741K, capacity 24148K, committed 24368K, reserved 1071104K
  class space    used 2462K, capacity 2597K, committed 2688K, reserved 1048576K
}
Event: 36.490 GC heap before
{Heap before GC invocations=4 (full 0):
 garbage-first heap   total 20480K, used 12758K [0x0000000701000000, 0x0000000800000000)
  region size 1024K, 9 young (9216K), 2 survivors (2048K)
 Metaspace       used 25080K, capacity 25652K, committed 25776K, reserved 1073152K
  class space    used 2611K, capacity 2799K, committed 2816K, reserved 1048576K
}
Event: 36.492 GC heap after
{Heap after GC invocations=5 (full 0):
 garbage-first heap   total 20480K, used 6396K [0x0000000701000000, 0x0000000800000000)
  region size 1024K, 1 young (1024K), 1 survivors (1024K)
 Metaspace       used 25080K, capacity 25652K, committed 25776K, reserved 1073152K
  class space    used 2611K, capacity 2799K, committed 2816K, reserved 1048576K
}
Event: 211.694 GC heap before
{Heap before GC invocations=5 (full 0):
 garbage-first heap   total 20480K, used 13564K [0x0000000701000000, 0x0000000800000000)
  region size 1024K, 8 young (8192K), 1 survivors (1024K)
 Metaspace       used 25470K, capacity 25949K, committed 26160K, reserved 1073152K
  class space    used 2641K, capacity 2834K, committed 2944K, reserved 1048576K
}
Event: 211.695 GC heap after
{Heap after GC invocations=6 (full 0):
 garbage-first heap   total 20480K, used 6705K [0x0000000701000000, 0x0000000800000000)
  region size 1024K, 1 young (1024K), 1 survivors (1024K)
 Metaspace       used 25470K, capacity 25949K, committed 26160K, reserved 1073152K
  class space    used 2641K, capacity 2834K, committed 2944K, reserved 1048576K
}

